2025-03-07 15:22:25,401 - INFO - [logger:log_success] - milvus_initialization - Deleting the collection.
2025-03-07 15:22:25,477 - INFO - [logger:log_success] - milvus_initialization - milvusdb collection {collection_name} created and retrived
2025-03-07 15:22:50,505 - INFO - [logger:log_success] - milvus_initialization - Deleting the collection.
2025-03-07 15:22:50,568 - INFO - [logger:log_success] - milvus_initialization - milvusdb collection ml_pdf_data created and retrived
2025-03-10 08:25:53,628 - INFO - [logger:log] - milvus_initialization - Deleting the collection.
2025-03-10 08:25:53,700 - INFO - [logger:log] - milvus_initialization - milvusdb collection ml_pdf_data created and retrived
2025-03-11 15:49:22,186 - INFO - [logger:log] - milvus_init - new milvus connection extablished  
2025-03-11 15:49:22,203 - INFO - [logger:log] - milvus_init - Deleting the collection.
2025-03-11 15:49:22,272 - INFO - [logger:log] - milvus_init - milvusdb collection ml_pdf_data created and retrived
2025-03-11 15:49:53,422 - INFO - [logger:log] - milvus_init - new milvus connection extablished  
2025-03-11 15:49:53,441 - INFO - [logger:log] - milvus_init - Deleting the collection.
2025-03-11 15:49:53,516 - INFO - [logger:log] - milvus_init - milvusdb collection ml_pdf_data created and retrived
2025-03-11 15:49:53,516 - INFO - [logger:log] - milvus_init - connection already exists and working 
2025-03-11 15:49:53,516 - INFO - [logger:log] - milvus_init - connection already exists and working 
2025-03-11 15:50:14,801 - INFO - [logger:log] - milvus_init - new milvus connection extablished  
2025-03-11 15:50:14,858 - INFO - [logger:log] - milvus_init - milvusdb collection ml_pdf_data retrived
2025-03-11 15:51:49,551 - INFO - [logger:log] - milvus_init - new milvus connection extablished  
2025-03-11 15:51:49,614 - INFO - [logger:log] - milvus_init - Deleting the collection.
2025-03-11 15:51:49,687 - INFO - [logger:log] - milvus_init - milvusdb collection ml_pdf_data created and retrived
2025-03-11 15:51:49,688 - INFO - [logger:log] - milvus_init - connection already exists and working 
2025-03-11 15:51:49,688 - INFO - [logger:log] - milvus_init - connection already exists and working 
2025-03-12 08:26:22,008 - INFO - [logger:log] - milvus_init - unable to delete the collection <ConnectionNotExistException: (code=1, message=should create connection first.)>
2025-03-12 08:28:18,133 - INFO - [log] - milvus_init - unable to delete the collection <ConnectionNotExistException: (code=1, message=should create connection first.)>
2025-03-19 14:43:47,520 - INFO - [log] - milvus_init - new milvus connection extablished  
2025-03-19 14:45:33,326 - INFO - [log] - milvus_init - new milvus connection extablished  
2025-03-19 14:47:30,632 - INFO - [log] - milvus_init - new milvus connection extablished  
2025-03-19 14:47:30,632 - INFO - [log] - milvus_init - unable to delete the collection <ConnectionNotExistException: (code=1, message=should create connection first.)>
2025-03-19 14:49:45,041 - INFO - [log] - milvus_init - new milvus connection extablished  
2025-03-19 14:49:45,041 - INFO - [log] - milvus_init - unable to delete the collection <ConnectionNotExistException: (code=1, message=should create connection first.)>
2025-03-19 14:51:23,530 - INFO - [log] - milvus_init - new milvus connection extablished  
2025-03-19 14:51:23,530 - INFO - [log] - milvus_init - unable to delete the collection <ConnectionNotExistException: (code=1, message=should create connection first.)>
2025-03-19 14:51:51,478 - INFO - [log] - milvus_init - new milvus connection extablished  
2025-03-19 14:51:59,106 - INFO - [log] - milvus_init - new milvus connection extablished  
2025-03-19 14:53:49,328 - INFO - [log] - milvus_init - new milvus connection extablished  
2025-03-19 14:55:52,372 - INFO - [log] - milvus_init - new milvus connection extablished  
2025-03-19 14:58:04,994 - INFO - [log] - milvus_init - new milvus connection extablished  
2025-03-19 14:58:23,584 - INFO - [log] - milvus_init - new milvus connection extablished  
2025-03-19 14:58:49,104 - INFO - [log] - milvus_init - new milvus connection extablished  
2025-03-19 15:00:13,171 - INFO - [log] - milvus_init - new milvus connection extablished  
2025-03-19 15:00:59,460 - INFO - [log] - milvus_init - new milvus connection extablished  
2025-03-19 15:01:32,291 - INFO - [log] - milvus_init - new milvus connection extablished  
2025-03-19 15:01:56,832 - INFO - [log] - milvus_init - new milvus connection extablished  
2025-03-19 15:19:44,275 - INFO - [log] - milvus_init - new milvus connection extablished  
2025-03-19 15:20:12,736 - INFO - [log] - milvus_init - new milvus connection extablished  
2025-03-19 15:20:12,737 - INFO - [log] - milvus_init - unable to delete the collection <ConnectionNotExistException: (code=1, message=should create connection first.)>
2025-03-19 15:20:53,588 - INFO - [log] - milvus_init - new milvus connection extablished  
2025-03-19 15:20:53,588 - INFO - [log] - milvus_init - unable to delete the collection <ConnectionNotExistException: (code=1, message=should create connection first.)>
2025-03-19 15:27:26,416 - INFO - [log] - milvus_init - new milvus connection extablished  
2025-03-19 15:27:26,416 - INFO - [log] - milvus_init - unable to delete the collection <ConnectionNotExistException: (code=1, message=should create connection first.)>
2025-03-19 15:27:42,940 - INFO - [log] - milvus_init - new milvus connection extablished  
2025-03-19 15:30:48,038 - INFO - [log] - milvus_init - new milvus connection extablished  
2025-03-19 15:35:09,202 - INFO - [log] - milvus_init - new milvus connection extablished  
2025-03-19 15:37:49,869 - INFO - [log] - milvus_init - new milvus connection extablished  
2025-03-19 15:44:13,116 - INFO - [log] - milvus_init - new milvus connection extablished  
2025-03-19 16:38:14,908 - INFO - [log] - milvus_init - new milvus connection extablished  
2025-03-19 16:39:53,449 - INFO - [log] - milvus_init - new milvus connection extablished  
2025-03-19 16:40:34,632 - INFO - [log] - milvus_init - new milvus connection extablished  
2025-03-19 16:41:05,241 - INFO - [log] - milvus_init - new milvus connection extablished  
2025-03-19 16:43:15,618 - INFO - [log] - milvus_init - new milvus connection extablished  
